27/12/2016 19:29:21 Se conecto con ip:127.0.0.1
27/12/2016 19:30:32 Se conecto con ip:127.0.0.1
27/12/2016 19:41:17 Se conecto con ip:127.0.0.1
27/12/2016 20:34:05 Se conecto con ip:127.0.0.1
27/12/2016 20:34:11 Transportó a Rhynne hacia Mapa1 X:56 Y:46
27/12/2016 20:34:11 Transportó a Rhynne hacia Mapa1 X:58 Y:49
27/12/2016 20:34:12 Transportó a Rhynne hacia Mapa1 X:61 Y:51
27/12/2016 20:34:12 Transportó a Rhynne hacia Mapa1 X:64 Y:49
27/12/2016 20:34:12 Transportó a Rhynne hacia Mapa1 X:64 Y:45
27/12/2016 20:34:12 Transportó a Rhynne hacia Mapa1 X:59 Y:45
27/12/2016 20:34:12 Transportó a Rhynne hacia Mapa1 X:54 Y:46
27/12/2016 20:34:44 Transportó a Rhynne hacia Mapa1 X:56 Y:46
27/12/2016 20:35:32 /MOD ORO 100000  rhynne
27/12/2016 20:35:35 Transportó a Rhynne hacia Mapa1 X:58 Y:35
27/12/2016 20:35:35 Transportó a Rhynne hacia Mapa1 X:64 Y:35
27/12/2016 20:35:36 Transportó a Rhynne hacia Mapa1 X:69 Y:36
27/12/2016 20:35:37 Transportó a Rhynne hacia Mapa1 X:72 Y:35
27/12/2016 20:35:59 Transportó a Rhynne hacia Mapa1 X:65 Y:37
27/12/2016 20:36:00 Transportó a Rhynne hacia Mapa1 X:59 Y:40
27/12/2016 20:36:23 Transportó a Rhynne hacia Mapa1 X:51 Y:42
27/12/2016 20:36:24 Transportó a Rhynne hacia Mapa1 X:45 Y:44
27/12/2016 20:36:25 Transportó a Rhynne hacia Mapa1 X:39 Y:45
27/12/2016 20:36:25 Transportó a Rhynne hacia Mapa1 X:39 Y:45
27/12/2016 20:36:26 Transportó a Rhynne hacia Mapa1 X:35 Y:47
27/12/2016 20:36:26 Transportó a Rhynne hacia Mapa1 X:30 Y:50
27/12/2016 20:36:27 Transportó a Rhynne hacia Mapa1 X:36 Y:56
27/12/2016 20:36:27 Transportó a Rhynne hacia Mapa1 X:42 Y:59
27/12/2016 20:36:28 Transportó a Rhynne hacia Mapa1 X:46 Y:56
27/12/2016 20:36:28 Transportó a Rhynne hacia Mapa1 X:48 Y:52
27/12/2016 20:36:28 Transportó a Rhynne hacia Mapa1 X:43 Y:51
27/12/2016 20:36:28 Transportó a Rhynne hacia Mapa1 X:36 Y:51
27/12/2016 20:36:29 Transportó a Rhynne hacia Mapa1 X:28 Y:51
27/12/2016 20:36:29 Transportó a Rhynne hacia Mapa1 X:27 Y:54
27/12/2016 20:36:29 Transportó a Rhynne hacia Mapa1 X:28 Y:58
27/12/2016 20:36:29 Transportó a Rhynne hacia Mapa1 X:31 Y:62
27/12/2016 20:36:29 Transportó a Rhynne hacia Mapa1 X:35 Y:64
27/12/2016 20:36:30 Transportó a Rhynne hacia Mapa1 X:39 Y:66
27/12/2016 20:36:30 Transportó a Rhynne hacia Mapa1 X:43 Y:68
27/12/2016 20:36:31 Transportó a Rhynne hacia Mapa1 X:44 Y:71
27/12/2016 20:36:31 Transportó a Rhynne hacia Mapa1 X:44 Y:75
27/12/2016 20:36:31 Transportó a Rhynne hacia Mapa1 X:40 Y:78
27/12/2016 20:36:31 Transportó a Rhynne hacia Mapa1 X:34 Y:81
27/12/2016 20:36:32 Transportó a Rhynne hacia Mapa1 X:27 Y:83
27/12/2016 20:36:32 Transportó a Rhynne hacia Mapa1 X:24 Y:82
27/12/2016 20:36:32 Transportó a Rhynne hacia Mapa1 X:22 Y:79
27/12/2016 20:36:33 Transportó a Rhynne hacia Mapa1 X:23 Y:76
27/12/2016 20:36:33 Transportó a Rhynne hacia Mapa1 X:26 Y:74
27/12/2016 20:36:33 Transportó a Rhynne hacia Mapa1 X:29 Y:72
27/12/2016 20:36:33 Transportó a Rhynne hacia Mapa1 X:26 Y:69
27/12/2016 20:36:34 Transportó a Rhynne hacia Mapa1 X:22 Y:67
27/12/2016 20:36:34 Transportó a Rhynne hacia Mapa1 X:19 Y:65
27/12/2016 20:36:34 Transportó a Rhynne hacia Mapa1 X:21 Y:62
27/12/2016 20:36:34 Transportó a Rhynne hacia Mapa1 X:24 Y:59
27/12/2016 20:36:34 Transportó a Rhynne hacia Mapa1 X:27 Y:56
27/12/2016 20:36:35 Transportó a Rhynne hacia Mapa1 X:25 Y:53
27/12/2016 20:36:35 Transportó a Rhynne hacia Mapa1 X:23 Y:50
27/12/2016 20:36:35 Transportó a Rhynne hacia Mapa1 X:25 Y:47
27/12/2016 20:36:35 Transportó a Rhynne hacia Mapa1 X:29 Y:44
27/12/2016 20:36:36 Transportó a Rhynne hacia Mapa1 X:28 Y:41
27/12/2016 20:36:36 Transportó a Rhynne hacia Mapa1 X:26 Y:38
27/12/2016 20:36:36 Transportó a Rhynne hacia Mapa1 X:23 Y:35
27/12/2016 20:36:36 Transportó a Rhynne hacia Mapa1 X:24 Y:32
27/12/2016 20:36:36 Transportó a Rhynne hacia Mapa1 X:28 Y:29
27/12/2016 20:36:37 Transportó a Rhynne hacia Mapa1 X:32 Y:26
27/12/2016 20:36:37 Transportó a Rhynne hacia Mapa1 X:36 Y:23
27/12/2016 20:36:37 Transportó a Rhynne hacia Mapa1 X:42 Y:26
27/12/2016 20:36:37 Transportó a Rhynne hacia Mapa1 X:48 Y:30
27/12/2016 20:36:37 Transportó a Rhynne hacia Mapa1 X:54 Y:34
27/12/2016 20:36:37 Transportó a Rhynne hacia Mapa1 X:60 Y:37
27/12/2016 20:36:38 Transportó a Rhynne hacia Mapa1 X:66 Y:40
27/12/2016 20:36:38 Transportó a Rhynne hacia Mapa1 X:71 Y:42
27/12/2016 20:36:38 Transportó a Rhynne hacia Mapa1 X:74 Y:45
27/12/2016 20:36:38 Transportó a Rhynne hacia Mapa1 X:76 Y:48
27/12/2016 20:36:38 Transportó a Rhynne hacia Mapa1 X:78 Y:52
27/12/2016 20:36:39 Transportó a Rhynne hacia Mapa1 X:76 Y:56
27/12/2016 20:36:39 Transportó a Rhynne hacia Mapa1 X:72 Y:59
27/12/2016 20:36:39 Transportó a Rhynne hacia Mapa1 X:68 Y:62
27/12/2016 20:36:39 Transportó a Rhynne hacia Mapa1 X:63 Y:65
27/12/2016 20:36:39 Transportó a Rhynne hacia Mapa1 X:58 Y:68
27/12/2016 20:36:40 Transportó a Rhynne hacia Mapa1 X:53 Y:71
27/12/2016 20:36:40 Transportó a Rhynne hacia Mapa1 X:54 Y:74
27/12/2016 20:36:41 Transportó a Rhynne hacia Mapa1 X:53 Y:78
27/12/2016 20:36:41 Transportó a Rhynne hacia Mapa1 X:51 Y:82
27/12/2016 20:36:41 Transportó a Rhynne hacia Mapa1 X:49 Y:86
27/12/2016 20:36:42 Transportó a Rhynne hacia Mapa1 X:53 Y:88
27/12/2016 20:36:42 Transportó a Rhynne hacia Mapa1 X:57 Y:88
27/12/2016 20:37:27 Rhynne ha hecho un backup.
27/12/2016 20:37:40 Transportó a Rhynne hacia Mapa1 X:50 Y:50
27/12/2016 20:45:07 Se conecto con ip:127.0.0.1
27/12/2016 20:45:12 Transportó a Rhynne hacia Mapa1 X:54 Y:47
27/12/2016 20:45:27 /MOD EXP 20000000  rhynne
27/12/2016 20:54:55 Se conecto con ip:127.0.0.1
27/12/2016 20:55:21 Se conecto con ip:127.0.0.1
27/12/2016 20:55:23 Dijo: dsa
27/12/2016 20:55:29 Dijo: dsadsadasdasdasdasdasdasdasdad
27/12/2016 20:55:45 Se conecto con ip:127.0.0.1
27/12/2016 20:55:47 Dijo: dd
27/12/2016 20:55:49 Dijo: sadasdasdadasdasdadasdasda
27/12/2016 20:56:02 Dijo: dsadsada
27/12/2016 20:56:10 Dijo: dsa
27/12/2016 21:00:39 Se conecto con ip:127.0.0.1
27/12/2016 21:00:56 Se conecto con ip:127.0.0.1
27/12/2016 21:16:04 Se conecto con ip:127.0.0.1
27/12/2016 21:20:54 Se conecto con ip:127.0.0.1
27/12/2016 21:20:58 Transportó a Rhynne hacia Mapa1 X:61 Y:43
27/12/2016 21:20:59 Transportó a Rhynne hacia Mapa1 X:59 Y:41
27/12/2016 21:21:16 Transportó a Rhynne hacia Mapa1 X:61 Y:38
27/12/2016 21:21:18 Transportó a Rhynne hacia Mapa1 X:63 Y:36
27/12/2016 21:21:24 Rhynne ha hecho un backup.
27/12/2016 21:21:48 Tiró cantidad:1 Objeto:Vestimenta de Noble (E/G)
27/12/2016 21:21:49 Agarro:1 Objeto:Vestimenta de Noble (E/G)
27/12/2016 21:22:08 Rhynne ha hecho un backup.
27/12/2016 21:35:25 Se conecto con ip:127.0.0.1
27/12/2016 21:38:09 Transportó a Rhynne hacia Mapa1 X:58 Y:45
27/12/2016 21:38:14 Rhynne ha hecho un backup.
